Build started 5/23/2014 2:26:59 PM.
     1>Project "C:\bin\src\Chipmunk2D\msvc\vc13\chipmunk\chipmunk.vcxproj" on node 2 (Build target(s)).
     1>ClCompile:
         C:\Program Files (x86)\Microsoft Visual Studio 12.0\VC\bin\CL.exe /c /I..\..\..\include /ZI /nologo /W3 /WX- /Od /Oy- /D _CRT_SECURE_NO_WARNINGS /D WIN32 /D _DEBUG /D _LIB /Gm /EHsc /RTC1 /MDd /GS /fp:precise /Zc:wchar_t /Zc:forScope /Fo"Win32\Debug\\" /Fd"Win32\Debug\vc120.pdb" /Gd /TP /analyze- /errorReport:prompt ..\..\..\src\chipmunk.c ..\..\..\src\cpArbiter.c ..\..\..\src\cpArray.c ..\..\..\src\cpBBTree.c ..\..\..\src\cpBody.c ..\..\..\src\cpCollision.c ..\..\..\src\cpConstraint.c ..\..\..\src\cpDampedRotarySpring.c ..\..\..\src\cpDampedSpring.c ..\..\..\src\cpGearJoint.c ..\..\..\src\cpGrooveJoint.c ..\..\..\src\cpHashSet.c ..\..\..\src\cpPinJoint.c ..\..\..\src\cpPivotJoint.c ..\..\..\src\cpPolyShape.c ..\..\..\src\cpRatchetJoint.c ..\..\..\src\cpRotaryLimitJoint.c ..\..\..\src\cpShape.c ..\..\..\src\cpSimpleMotor.c ..\..\..\src\cpSlideJoint.c ..\..\..\src\cpSpace.c ..\..\..\src\cpSpaceComponent.c ..\..\..\src\cpSpaceDebug.c ..\..\..\src\cpSpaceHash.c ..\..\..\src\cpSpaceQuery.c ..\..\..\src\cpSpaceStep.c ..\..\..\src\cpSpatialIndex.c ..\..\..\src\cpSweep1D.c
         cpSweep1D.c
     1>c:\bin\src\chipmunk2d\include\chipmunk\cpbb.h(118): warning C4056: overflow in floating-point constant arithmetic
     1>c:\bin\src\chipmunk2d\include\chipmunk\cpbb.h(124): warning C4056: overflow in floating-point constant arithmetic
     1>c:\bin\src\chipmunk2d\include\chipmunk\cpshape.h(85): error C2526: 'cpShapesCollide' : C linkage function cannot return C++ class 'cpContactPointSet'
                 c:\bin\src\chipmunk2d\include\chipmunk\chipmunk.h(118) : see declaration of 'cpContactPointSet'
         cpSpatialIndex.c
     1>c:\bin\src\chipmunk2d\include\chipmunk\cpbb.h(118): warning C4056: overflow in floating-point constant arithmetic
     1>c:\bin\src\chipmunk2d\include\chipmunk\cpbb.h(124): warning C4056: overflow in floating-point constant arithmetic
     1>c:\bin\src\chipmunk2d\include\chipmunk\cpshape.h(85): error C2526: 'cpShapesCollide' : C linkage function cannot return C++ class 'cpContactPointSet'
                 c:\bin\src\chipmunk2d\include\chipmunk\chipmunk.h(118) : see declaration of 'cpContactPointSet'
         cpSpaceStep.c
     1>c:\bin\src\chipmunk2d\include\chipmunk\cpbb.h(118): warning C4056: overflow in floating-point constant arithmetic
     1>c:\bin\src\chipmunk2d\include\chipmunk\cpbb.h(124): warning C4056: overflow in floating-point constant arithmetic
     1>c:\bin\src\chipmunk2d\include\chipmunk\cpshape.h(85): error C2526: 'cpShapesCollide' : C linkage function cannot return C++ class 'cpContactPointSet'
                 c:\bin\src\chipmunk2d\include\chipmunk\chipmunk.h(118) : see declaration of 'cpContactPointSet'
         cpSpaceQuery.c
     1>c:\bin\src\chipmunk2d\include\chipmunk\cpbb.h(118): warning C4056: overflow in floating-point constant arithmetic
     1>c:\bin\src\chipmunk2d\include\chipmunk\cpbb.h(124): warning C4056: overflow in floating-point constant arithmetic
     1>c:\bin\src\chipmunk2d\include\chipmunk\cpshape.h(85): error C2526: 'cpShapesCollide' : C linkage function cannot return C++ class 'cpContactPointSet'
                 c:\bin\src\chipmunk2d\include\chipmunk\chipmunk.h(118) : see declaration of 'cpContactPointSet'
     1>c:\bin\src\chipmunk2d\src\cpspacequery.c(224): error C2440: 'initializing' : cannot convert from 'void' to 'cpContactPointSet'
                 Expressions of type void cannot be converted to other types
         cpSpaceHash.c
     1>c:\bin\src\chipmunk2d\include\chipmunk\cpbb.h(118): warning C4056: overflow in floating-point constant arithmetic
     1>c:\bin\src\chipmunk2d\include\chipmunk\cpbb.h(124): warning C4056: overflow in floating-point constant arithmetic
     1>c:\bin\src\chipmunk2d\include\chipmunk\cpshape.h(85): error C2526: 'cpShapesCollide' : C linkage function cannot return C++ class 'cpContactPointSet'
                 c:\bin\src\chipmunk2d\include\chipmunk\chipmunk.h(118) : see declaration of 'cpContactPointSet'
         cpSpaceDebug.c
     1>c:\bin\src\chipmunk2d\include\chipmunk\cpbb.h(118): warning C4056: overflow in floating-point constant arithmetic
     1>c:\bin\src\chipmunk2d\include\chipmunk\cpbb.h(124): warning C4056: overflow in floating-point constant arithmetic
     1>c:\bin\src\chipmunk2d\include\chipmunk\cpshape.h(85): error C2526: 'cpShapesCollide' : C linkage function cannot return C++ class 'cpContactPointSet'
                 c:\bin\src\chipmunk2d\include\chipmunk\chipmunk.h(118) : see declaration of 'cpContactPointSet'
         cpSpaceComponent.c
     1>c:\bin\src\chipmunk2d\include\chipmunk\cpbb.h(118): warning C4056: overflow in floating-point constant arithmetic
     1>c:\bin\src\chipmunk2d\include\chipmunk\cpbb.h(124): warning C4056: overflow in floating-point constant arithmetic
     1>c:\bin\src\chipmunk2d\include\chipmunk\cpshape.h(85): error C2526: 'cpShapesCollide' : C linkage function cannot return C++ class 'cpContactPointSet'
                 c:\bin\src\chipmunk2d\include\chipmunk\chipmunk.h(118) : see declaration of 'cpContactPointSet'
         cpSpace.c
     1>c:\bin\src\chipmunk2d\include\chipmunk\cpbb.h(118): warning C4056: overflow in floating-point constant arithmetic
     1>c:\bin\src\chipmunk2d\include\chipmunk\cpbb.h(124): warning C4056: overflow in floating-point constant arithmetic
     1>c:\bin\src\chipmunk2d\include\chipmunk\cpshape.h(85): error C2526: 'cpShapesCollide' : C linkage function cannot return C++ class 'cpContactPointSet'
                 c:\bin\src\chipmunk2d\include\chipmunk\chipmunk.h(118) : see declaration of 'cpContactPointSet'
     1>c:\bin\src\chipmunk2d\src\cpspace.c(56): error C2582: 'operator =' function is unavailable in 'cpCollisionHandler'
     1>c:\bin\src\chipmunk2d\src\cpspace.c(167): error C2582: 'operator =' function is unavailable in 'cpCollisionHandler'
     1>c:\bin\src\chipmunk2d\src\cpspace.c(382): error C2582: 'operator =' function is unavailable in 'cpCollisionHandler'
     1>c:\bin\src\chipmunk2d\src\cpspace.c(399): error C2440: 'initializing' : cannot convert from 'void *' to 'cpCollisionHandler *'
                 Conversion from 'void*' to pointer to non-'void' requires an explicit cast
     1>c:\bin\src\chipmunk2d\src\cpspace.c(400): error C2440: 'return' : cannot convert from 'void *' to 'cpCollisionHandler *'
                 Conversion from 'void*' to pointer to non-'void' requires an explicit cast
     1>c:\bin\src\chipmunk2d\src\cpspace.c(408): warning C4307: '*' : integral constant overflow
     1>c:\bin\src\chipmunk2d\src\cpspace.c(412): error C2440: 'initializing' : cannot convert from 'void *' to 'cpCollisionHandler *'
                 Conversion from 'void*' to pointer to non-'void' requires an explicit cast
     1>c:\bin\src\chipmunk2d\src\cpspace.c(413): error C2440: 'return' : cannot convert from 'void *' to 'cpCollisionHandler *'
                 Conversion from 'void*' to pointer to non-'void' requires an explicit cast
         cpSlideJoint.c
     1>c:\bin\src\chipmunk2d\include\chipmunk\cpbb.h(118): warning C4056: overflow in floating-point constant arithmetic
     1>c:\bin\src\chipmunk2d\include\chipmunk\cpbb.h(124): warning C4056: overflow in floating-point constant arithmetic
     1>c:\bin\src\chipmunk2d\include\chipmunk\cpshape.h(85): error C2526: 'cpShapesCollide' : C linkage function cannot return C++ class 'cpContactPointSet'
                 c:\bin\src\chipmunk2d\include\chipmunk\chipmunk.h(118) : see declaration of 'cpContactPointSet'
         cpSimpleMotor.c
     1>c:\bin\src\chipmunk2d\include\chipmunk\cpbb.h(118): warning C4056: overflow in floating-point constant arithmetic
     1>c:\bin\src\chipmunk2d\include\chipmunk\cpbb.h(124): warning C4056: overflow in floating-point constant arithmetic
     1>c:\bin\src\chipmunk2d\include\chipmunk\cpshape.h(85): error C2526: 'cpShapesCollide' : C linkage function cannot return C++ class 'cpContactPointSet'
                 c:\bin\src\chipmunk2d\include\chipmunk\chipmunk.h(118) : see declaration of 'cpContactPointSet'
         cpShape.c
     1>c:\bin\src\chipmunk2d\include\chipmunk\cpbb.h(118): warning C4056: overflow in floating-point constant arithmetic
     1>c:\bin\src\chipmunk2d\include\chipmunk\cpbb.h(124): warning C4056: overflow in floating-point constant arithmetic
     1>c:\bin\src\chipmunk2d\include\chipmunk\cpshape.h(85): error C2526: 'cpShapesCollide' : C linkage function cannot return C++ class 'cpContactPointSet'
                 c:\bin\src\chipmunk2d\include\chipmunk\chipmunk.h(118) : see declaration of 'cpContactPointSet'
     1>c:\bin\src\chipmunk2d\src\cpshape.c(23): fatal error C1083: Cannot open include file: 'chipmunk_unsafe.h': No such file or directory
         cpRotaryLimitJoint.c
     1>c:\bin\src\chipmunk2d\include\chipmunk\cpbb.h(118): warning C4056: overflow in floating-point constant arithmetic
     1>c:\bin\src\chipmunk2d\include\chipmunk\cpbb.h(124): warning C4056: overflow in floating-point constant arithmetic
     1>c:\bin\src\chipmunk2d\include\chipmunk\cpshape.h(85): error C2526: 'cpShapesCollide' : C linkage function cannot return C++ class 'cpContactPointSet'
                 c:\bin\src\chipmunk2d\include\chipmunk\chipmunk.h(118) : see declaration of 'cpContactPointSet'
         cpRatchetJoint.c
     1>c:\bin\src\chipmunk2d\include\chipmunk\cpbb.h(118): warning C4056: overflow in floating-point constant arithmetic
     1>c:\bin\src\chipmunk2d\include\chipmunk\cpbb.h(124): warning C4056: overflow in floating-point constant arithmetic
     1>c:\bin\src\chipmunk2d\include\chipmunk\cpshape.h(85): error C2526: 'cpShapesCollide' : C linkage function cannot return C++ class 'cpContactPointSet'
                 c:\bin\src\chipmunk2d\include\chipmunk\chipmunk.h(118) : see declaration of 'cpContactPointSet'
         cpPolyShape.c
     1>c:\bin\src\chipmunk2d\include\chipmunk\cpbb.h(118): warning C4056: overflow in floating-point constant arithmetic
     1>c:\bin\src\chipmunk2d\include\chipmunk\cpbb.h(124): warning C4056: overflow in floating-point constant arithmetic
     1>c:\bin\src\chipmunk2d\include\chipmunk\cpshape.h(85): error C2526: 'cpShapesCollide' : C linkage function cannot return C++ class 'cpContactPointSet'
                 c:\bin\src\chipmunk2d\include\chipmunk\chipmunk.h(118) : see declaration of 'cpContactPointSet'
     1>c:\bin\src\chipmunk2d\src\cppolyshape.c(23): fatal error C1083: Cannot open include file: 'chipmunk_unsafe.h': No such file or directory
         cpPivotJoint.c
     1>c:\bin\src\chipmunk2d\include\chipmunk\cpbb.h(118): warning C4056: overflow in floating-point constant arithmetic
     1>c:\bin\src\chipmunk2d\include\chipmunk\cpbb.h(124): warning C4056: overflow in floating-point constant arithmetic
     1>c:\bin\src\chipmunk2d\include\chipmunk\cpshape.h(85): error C2526: 'cpShapesCollide' : C linkage function cannot return C++ class 'cpContactPointSet'
                 c:\bin\src\chipmunk2d\include\chipmunk\chipmunk.h(118) : see declaration of 'cpContactPointSet'
         cpPinJoint.c
     1>c:\bin\src\chipmunk2d\include\chipmunk\cpbb.h(118): warning C4056: overflow in floating-point constant arithmetic
     1>c:\bin\src\chipmunk2d\include\chipmunk\cpbb.h(124): warning C4056: overflow in floating-point constant arithmetic
     1>c:\bin\src\chipmunk2d\include\chipmunk\cpshape.h(85): error C2526: 'cpShapesCollide' : C linkage function cannot return C++ class 'cpContactPointSet'
                 c:\bin\src\chipmunk2d\include\chipmunk\chipmunk.h(118) : see declaration of 'cpContactPointSet'
         cpHashSet.c
     1>c:\bin\src\chipmunk2d\include\chipmunk\cpbb.h(118): warning C4056: overflow in floating-point constant arithmetic
     1>c:\bin\src\chipmunk2d\include\chipmunk\cpbb.h(124): warning C4056: overflow in floating-point constant arithmetic
     1>c:\bin\src\chipmunk2d\include\chipmunk\cpshape.h(85): error C2526: 'cpShapesCollide' : C linkage function cannot return C++ class 'cpContactPointSet'
                 c:\bin\src\chipmunk2d\include\chipmunk\chipmunk.h(118) : see declaration of 'cpContactPointSet'
         cpGrooveJoint.c
     1>c:\bin\src\chipmunk2d\include\chipmunk\cpbb.h(118): warning C4056: overflow in floating-point constant arithmetic
     1>c:\bin\src\chipmunk2d\include\chipmunk\cpbb.h(124): warning C4056: overflow in floating-point constant arithmetic
     1>c:\bin\src\chipmunk2d\include\chipmunk\cpshape.h(85): error C2526: 'cpShapesCollide' : C linkage function cannot return C++ class 'cpContactPointSet'
                 c:\bin\src\chipmunk2d\include\chipmunk\chipmunk.h(118) : see declaration of 'cpContactPointSet'
         cpGearJoint.c
     1>c:\bin\src\chipmunk2d\include\chipmunk\cpbb.h(118): warning C4056: overflow in floating-point constant arithmetic
     1>c:\bin\src\chipmunk2d\include\chipmunk\cpbb.h(124): warning C4056: overflow in floating-point constant arithmetic
     1>c:\bin\src\chipmunk2d\include\chipmunk\cpshape.h(85): error C2526: 'cpShapesCollide' : C linkage function cannot return C++ class 'cpContactPointSet'
                 c:\bin\src\chipmunk2d\include\chipmunk\chipmunk.h(118) : see declaration of 'cpContactPointSet'
         cpDampedSpring.c
     1>c:\bin\src\chipmunk2d\include\chipmunk\cpbb.h(118): warning C4056: overflow in floating-point constant arithmetic
     1>c:\bin\src\chipmunk2d\include\chipmunk\cpbb.h(124): warning C4056: overflow in floating-point constant arithmetic
     1>c:\bin\src\chipmunk2d\include\chipmunk\cpshape.h(85): error C2526: 'cpShapesCollide' : C linkage function cannot return C++ class 'cpContactPointSet'
                 c:\bin\src\chipmunk2d\include\chipmunk\chipmunk.h(118) : see declaration of 'cpContactPointSet'
         Generating Code...
         Compiling...
         cpDampedRotarySpring.c
     1>c:\bin\src\chipmunk2d\include\chipmunk\cpbb.h(118): warning C4056: overflow in floating-point constant arithmetic
     1>c:\bin\src\chipmunk2d\include\chipmunk\cpbb.h(124): warning C4056: overflow in floating-point constant arithmetic
     1>c:\bin\src\chipmunk2d\include\chipmunk\cpshape.h(85): error C2526: 'cpShapesCollide' : C linkage function cannot return C++ class 'cpContactPointSet'
                 c:\bin\src\chipmunk2d\include\chipmunk\chipmunk.h(118) : see declaration of 'cpContactPointSet'
         cpConstraint.c
     1>c:\bin\src\chipmunk2d\include\chipmunk\cpbb.h(118): warning C4056: overflow in floating-point constant arithmetic
     1>c:\bin\src\chipmunk2d\include\chipmunk\cpbb.h(124): warning C4056: overflow in floating-point constant arithmetic
     1>c:\bin\src\chipmunk2d\include\chipmunk\cpshape.h(85): error C2526: 'cpShapesCollide' : C linkage function cannot return C++ class 'cpContactPointSet'
                 c:\bin\src\chipmunk2d\include\chipmunk\chipmunk.h(118) : see declaration of 'cpContactPointSet'
         cpCollision.c
     1>c:\bin\src\chipmunk2d\include\chipmunk\cpbb.h(118): warning C4056: overflow in floating-point constant arithmetic
     1>c:\bin\src\chipmunk2d\include\chipmunk\cpbb.h(124): warning C4056: overflow in floating-point constant arithmetic
     1>c:\bin\src\chipmunk2d\include\chipmunk\cpshape.h(85): error C2526: 'cpShapesCollide' : C linkage function cannot return C++ class 'cpContactPointSet'
                 c:\bin\src\chipmunk2d\include\chipmunk\chipmunk.h(118) : see declaration of 'cpContactPointSet'
     1>c:\bin\src\chipmunk2d\src\cpcollision.c(66): warning C4056: overflow in floating-point constant arithmetic
         cpBody.c
     1>c:\bin\src\chipmunk2d\include\chipmunk\cpbb.h(118): warning C4056: overflow in floating-point constant arithmetic
     1>c:\bin\src\chipmunk2d\include\chipmunk\cpbb.h(124): warning C4056: overflow in floating-point constant arithmetic
     1>c:\bin\src\chipmunk2d\include\chipmunk\cpshape.h(85): error C2526: 'cpShapesCollide' : C linkage function cannot return C++ class 'cpContactPointSet'
                 c:\bin\src\chipmunk2d\include\chipmunk\chipmunk.h(118) : see declaration of 'cpContactPointSet'
         cpBBTree.c
     1>c:\bin\src\chipmunk2d\include\chipmunk\cpbb.h(118): warning C4056: overflow in floating-point constant arithmetic
     1>c:\bin\src\chipmunk2d\include\chipmunk\cpbb.h(124): warning C4056: overflow in floating-point constant arithmetic
     1>c:\bin\src\chipmunk2d\include\chipmunk\cpshape.h(85): error C2526: 'cpShapesCollide' : C linkage function cannot return C++ class 'cpContactPointSet'
                 c:\bin\src\chipmunk2d\include\chipmunk\chipmunk.h(118) : see declaration of 'cpContactPointSet'
         cpArray.c
     1>c:\bin\src\chipmunk2d\include\chipmunk\cpbb.h(118): warning C4056: overflow in floating-point constant arithmetic
     1>c:\bin\src\chipmunk2d\include\chipmunk\cpbb.h(124): warning C4056: overflow in floating-point constant arithmetic
     1>c:\bin\src\chipmunk2d\include\chipmunk\cpshape.h(85): error C2526: 'cpShapesCollide' : C linkage function cannot return C++ class 'cpContactPointSet'
                 c:\bin\src\chipmunk2d\include\chipmunk\chipmunk.h(118) : see declaration of 'cpContactPointSet'
         cpArbiter.c
     1>c:\bin\src\chipmunk2d\include\chipmunk\cpbb.h(118): warning C4056: overflow in floating-point constant arithmetic
     1>c:\bin\src\chipmunk2d\include\chipmunk\cpbb.h(124): warning C4056: overflow in floating-point constant arithmetic
     1>c:\bin\src\chipmunk2d\include\chipmunk\cpshape.h(85): error C2526: 'cpShapesCollide' : C linkage function cannot return C++ class 'cpContactPointSet'
                 c:\bin\src\chipmunk2d\include\chipmunk\chipmunk.h(118) : see declaration of 'cpContactPointSet'
         chipmunk.c
     1>c:\bin\src\chipmunk2d\include\chipmunk\cpbb.h(118): warning C4056: overflow in floating-point constant arithmetic
     1>c:\bin\src\chipmunk2d\include\chipmunk\cpbb.h(124): warning C4056: overflow in floating-point constant arithmetic
     1>c:\bin\src\chipmunk2d\include\chipmunk\cpshape.h(85): error C2526: 'cpShapesCollide' : C linkage function cannot return C++ class 'cpContactPointSet'
                 c:\bin\src\chipmunk2d\include\chipmunk\chipmunk.h(118) : see declaration of 'cpContactPointSet'
     1>c:\bin\src\chipmunk2d\src\chipmunk.c(318): fatal error C1083: Cannot open include file: 'chipmunk_ffi.h': No such file or directory
         Generating Code...
     1>Done Building Project "C:\bin\src\Chipmunk2D\msvc\vc13\chipmunk\chipmunk.vcxproj" (Build target(s)) -- FAILED.

Build FAILED.

Time Elapsed 00:00:01.95
